[2026-01-22 18:41:21] [SECURITY] Login fallido - usuario no existe {"email":"jpaco@entropicnet.com"}
[2026-01-24 16:05:34] [SECURITY] Login fallido - usuario no existe {"email":"jpaco@entropicnet.com"}
[2026-01-24 16:05:46] [SECURITY] Login fallido - usuario no existe {"email":"jpaco@entropicnet.com"}
[2026-01-24 21:41:35] [SECURITY] Login fallido - usuario no existe {"email":"jpaco@entropicnet.com"}
[2026-01-24 21:41:44] [SECURITY] Login fallido - usuario no existe {"email":"jpaco@entropicnet.com"}
[2026-01-24 21:41:47] [SECURITY] Login fallido - usuario no existe {"email":"jpaco@entropicnet.com"}
[2026-01-24 21:42:05] [SECURITY] Login fallido - usuario no existe {"email":"jpaco@entropicnet.com"}
[2026-01-24 21:42:07] [SECURITY] Login fallido - usuario no existe {"email":"jpaco@entropicnet.com"}
[2026-01-26 15:09:00] [SECURITY] Login fallido - usuario no existe {"email":"leon.jass@outlook.com"}
[2026-01-26 15:10:12] [SECURITY] Login fallido - usuario no existe {"email":"mmeza@entropicen.com"}
[2026-01-26 15:11:18] [SECURITY] Login fallido - usuario no existe {"email":"mmeza@entropicent.com"}
[2026-01-26 15:11:41] [SECURITY] Login fallido - usuario no existe {"email":"mmeza@entropicent.com"}
[2026-01-26 15:14:50] [SECURITY] Login fallido - usuario no existe {"email":"mmeza@entropicent.com"}
[2026-01-26 15:33:08] [SECURITY] Login fallido - usuario no existe {"email":"leon.jass@outlook.com"}
[2026-01-26 16:02:07] [SECURITY] Login fallido - usuario no existe {"email":"leon.jass@outlook.com"}
[2026-01-26 16:04:51] [SECURITY] Login fallido - password incorrecta {"usuario_id":2,"intentos":1}
[2026-01-26 16:04:56] [SECURITY] Login fallido - password incorrecta {"usuario_id":2,"intentos":2}
[2026-01-27 20:25:22] [SECURITY] Login fallido - usuario no existe {"email":"leon.jass@outlook.com"}
[2026-01-28 19:16:00] [SECURITY] Login fallido - usuario no existe {"email":"mmeza@entropicent.com"}
[2026-01-28 19:16:07] [SECURITY] Login fallido - usuario no existe {"email":"mmeza@entropicent.com"}
[2026-01-28 19:16:09] [SECURITY] Login fallido - usuario no existe {"email":"mmeza@entropicent.com"}
[2026-01-28 19:16:09] [SECURITY] Login fallido - usuario no existe {"email":"mmeza@entropicent.com"}
[2026-01-28 19:16:13] [SECURITY] Login fallido - usuario no existe {"email":"mmeza@entropicent.com"}
[2026-01-29 13:38:09] [SECURITY] Login fallido - usuario no existe {"email":"jpaco@entropient.com"}
[2026-01-29 13:38:17] [SECURITY] Login fallido - usuario no existe {"email":"jpaco@entropient.com"}
[2026-01-29 13:38:18] [SECURITY] Login fallido - usuario no existe {"email":"jpaco@entropient.com"}
[2026-01-29 21:06:10] [SECURITY] Login fallido - usuario no existe {"email":"jpaco@entropicent.com"}
[2026-01-30 14:11:43] [SECURITY] Login fallido - password incorrecta {"usuario_id":1,"intentos":1}
[2026-01-31 19:26:17] [SECURITY] Login fallido - usuario no existe {"email":"jleon@entropicent.com"}
[2026-01-31 19:26:24] [SECURITY] Login fallido - usuario no existe {"email":"jleon@entropicent.com"}
[2026-01-31 19:26:37] [SECURITY] Login fallido - usuario no existe {"email":"jleon@entropicent.com"}
[2026-02-06 16:33:00] [SECURITY] Login fallido - password incorrecta {"usuario_id":1,"intentos":1}
[2026-02-06 16:43:38] [SECURITY] Login fallido - usuario no existe {"email":"jleon@entropicne.com"}
[2026-02-06 16:43:47] [SECURITY] Login fallido - usuario no existe {"email":"jleon@entropicne.com"}
[2026-02-06 16:43:48] [SECURITY] Login fallido - usuario no existe {"email":"jleon@entropicne.com"}
[2026-02-08 15:28:18] [SECURITY] Login fallido - usuario no existe {"email":"fgaleano@entropicnet.com"}
[2026-02-08 20:44:49] [SECURITY] Login fallido - usuario no existe {"email":"fleon@entropicnet.com"}
[2026-02-09 17:58:03] [SECURITY] Login fallido - password incorrecta {"usuario_id":1,"intentos":1}
[2026-02-09 19:33:12] [SECURITY] Login fallido - password incorrecta {"usuario_id":1,"intentos":1}
[2026-02-09 19:37:13] [SECURITY] Login fallido - password incorrecta {"usuario_id":1,"intentos":1}
[2026-02-09 19:37:17] [SECURITY] Login fallido - password incorrecta {"usuario_id":1,"intentos":2}
[2026-02-10 22:05:45] [SECURITY] Login fallido - usuario no existe {"email":"jleon@entropicent.com"}
[2026-02-10 22:05:51] [SECURITY] Login fallido - usuario no existe {"email":"jleon@entropicent.com"}
[2026-02-13 21:30:20] [SECURITY] Login fallido - password incorrecta {"usuario_id":1,"intentos":1}
[2026-02-13 21:30:26] [SECURITY] Login fallido - password incorrecta {"usuario_id":1,"intentos":2}
[2026-02-14 10:22:13] [SECURITY] Login fallido - usuario no existe {"email":"aleon@entropicnet.com"}
[2026-02-14 10:32:54] [SECURITY] Login fallido - password incorrecta {"usuario_id":1,"intentos":1}
[2026-02-14 11:12:07] [SECURITY] Login fallido - password incorrecta {"usuario_id":3,"intentos":1}
[2026-02-14 11:18:12] [SECURITY] Login fallido - usuario no existe {"email":"aleon@entropicnet.com"}
[2026-02-14 22:20:15] [SECURITY] Login fallido - password incorrecta {"usuario_id":4,"intentos":1}
[2026-02-14 22:20:42] [SECURITY] Login fallido - password incorrecta {"usuario_id":4,"intentos":2}
[2026-02-14 22:21:05] [SECURITY] Login fallido - password incorrecta {"usuario_id":4,"intentos":3}
[2026-02-14 22:23:54] [SECURITY] Login fallido - password incorrecta {"usuario_id":4,"intentos":4}
[2026-02-14 22:24:02] [SECURITY] Usuario bloqueado por intentos {"usuario_id":4}
[2026-02-14 22:34:14] [SECURITY] Login bloqueado {"usuario_id":4,"bloqueado_hasta":"2026-02-14 22:39:02"}
[2026-02-14 22:35:25] [SECURITY] Login bloqueado {"usuario_id":4,"bloqueado_hasta":"2026-02-14 22:39:02"}
[2026-02-14 22:37:17] [SECURITY] Login fallido - password incorrecta {"usuario_id":4,"intentos":1}
[2026-02-14 22:37:18] [SECURITY] Login fallido - password incorrecta {"usuario_id":4,"intentos":2}
